TN:
SF:src/main/services/sessionService.ts
FN:16,<instance_members_initializer>
FN:23,startSession
FN:41,stopSession
FN:66,getSession
FN:74,listSessions
FN:82,getActiveSessions
FN:90,getStoppedSessions
FN:97,clearAllSessions
FN:105,getSessionCount
FNF:9
FNH:9
FNDA:14,<instance_members_initializer>
FNDA:22,startSession
FNDA:7,stopSession
FNDA:2,getSession
FNDA:5,listSessions
FNDA:1,getActiveSessions
FNDA:1,getStoppedSessions
FNDA:1,clearAllSessions
FNDA:6,getSessionCount
DA:1,1
DA:15,1
DA:16,1
DA:23,1
DA:24,22
DA:25,22
DA:26,22
DA:27,22
DA:28,22
DA:29,22
DA:30,22
DA:32,22
DA:33,22
DA:34,22
DA:41,1
DA:42,7
DA:43,7
DA:44,1
DA:45,1
DA:47,7
DA:48,1
DA:49,1
DA:51,5
DA:52,5
DA:53,5
DA:54,5
DA:55,5
DA:57,5
DA:58,5
DA:59,7
DA:66,1
DA:67,2
DA:68,2
DA:74,1
DA:75,5
DA:76,5
DA:82,1
DA:83,1
DA:84,1
DA:90,1
DA:91,1
DA:92,1
DA:97,1
DA:98,1
DA:99,1
DA:105,1
DA:106,6
DA:107,6
DA:108,1
LF:49
LH:49
BRDA:16,0,0,14
BRDA:23,1,0,22
BRDA:27,2,0,1
BRDA:41,3,0,7
BRDA:43,4,0,1
BRDA:45,5,0,6
BRDA:47,6,0,1
BRDA:49,7,0,5
BRDA:66,8,0,2
BRDA:74,9,0,5
BRDA:82,10,0,1
BRDA:83,11,0,3
BRDA:90,12,0,1
BRDA:91,13,0,3
BRDA:97,14,0,1
BRDA:105,15,0,6
BRF:16
BRH:16
end_of_record
TN:
SF:src/renderer/src/utils/wordCount.ts
FN:18,countWords
FN:69,formatWordCount
FN:91,meetsMinimumWordCount
FN:102,getWritingProgress
FNF:4
FNH:4
FNDA:20,countWords
FNDA:3,formatWordCount
FNDA:7,meetsMinimumWordCount
FNDA:11,getWritingProgress
DA:18,1
DA:19,20
DA:20,6
DA:21,6
DA:22,6
DA:23,6
DA:24,6
DA:25,6
DA:26,6
DA:27,6
DA:28,6
DA:30,14
DA:33,14
DA:34,14
DA:35,14
DA:38,14
DA:39,14
DA:42,14
DA:43,14
DA:44,14
DA:47,14
DA:48,14
DA:49,14
DA:52,20
DA:54,20
DA:55,20
DA:56,20
DA:57,20
DA:58,20
DA:59,20
DA:60,20
DA:61,20
DA:62,20
DA:69,1
DA:70,3
DA:72,3
DA:74,3
DA:75,2
DA:76,2
DA:78,3
DA:79,2
DA:80,2
DA:82,3
DA:83,3
DA:91,1
DA:92,7
DA:93,7
DA:94,7
DA:102,1
DA:103,11
DA:104,11
DA:106,7
DA:107,7
DA:108,7
LF:54
LH:54
BRDA:18,0,0,20
BRDA:19,1,0,15
BRDA:19,2,0,6
BRDA:28,3,0,14
BRDA:52,4,0,0
BRDA:35,5,0,763
BRDA:44,6,0,17
BRDA:49,7,0,25
BRDA:69,8,0,3
BRDA:72,9,0,2
BRDA:72,10,0,1
BRDA:74,11,0,2
BRDA:75,12,0,0
BRDA:78,13,0,2
BRDA:91,14,0,7
BRDA:102,15,0,11
BRDA:103,16,0,2
BRDA:103,17,0,9
BRDA:104,18,0,2
BRDA:104,19,0,7
BRF:20
BRH:18
end_of_record
